<?xml version="1.0" encoding="UTF-8"?>
<!-- Generated by org.testng.reporters.JUnitXMLReporter -->
<testsuite ignored="0" hostname="Nikhil19" failures="0" tests="4" name="Second" time="0.023" errors="0" timestamp="2022-07-02T15:12:44 IST">
  <testcase classname="Annotations.Test3" name="basketball" time="0.001"/>
  <testcase classname="Annotations.Test3" name="football" time="0.002"/>
  <testcase classname="Annotations.Test4" name="Degree" time="0.002"/>
  <testcase classname="Annotations.Test4" name="Master" time="0.002"/>
</testsuite> <!-- Second -->
