<?xml version="1.0" encoding="UTF-8"?>
<!-- Generated by org.testng.reporters.JUnitXMLReporter -->
<testsuite ignored="6" hostname="Nikhil19" failures="0" tests="4" name="Test" time="0.093" errors="0" timestamp="2022-07-05T21:39:07 IST">
  <testcase classname="Annotations.Test1" name="sub" time="0.017"/>
  <testcase classname="Annotations.Test2" name="bike" time="0.002"/>
  <testcase classname="Annotations.Test3" name="basketball" time="0.003"/>
  <testcase classname="Annotations.Test4" name="Degree" time="0.002"/>
  <testcase classname="Annotations.Test4" name="Master" time="0.0">
    <ignored/>
  </testcase> <!-- Master -->
  <testcase classname="Annotations.Test4" name="before" time="0.0">
    <ignored/>
  </testcase> <!-- before -->
  <testcase classname="Annotations.Test3" name="football" time="0.0">
    <ignored/>
  </testcase> <!-- football -->
  <testcase classname="Annotations.Test2" name="car" time="0.0">
    <ignored/>
  </testcase> <!-- car -->
  <testcase classname="Annotations.Test1" name="mul" time="0.0">
    <ignored/>
  </testcase> <!-- mul -->
  <testcase classname="Annotations.Test2" name="bus" time="0.0">
    <ignored/>
  </testcase> <!-- bus -->
</testsuite> <!-- Test -->
