<?xml version="1.0" encoding="UTF-8"?>
<testng-results ignored="6" total="13" passed="7" failed="0" skipped="0">
  <reporter-output>
  </reporter-output>
  <suite started-at="2022-07-05T21:39:07 IST" name="Suite" finished-at="2022-07-05T21:39:07 IST" duration-ms="227">
    <groups>
      <group name="smoke">
        <method signature="Test1.sub()[pri:0, instance:Annotations.Test1@957e06]" name="sub" class="Annotations.Test1"/>
        <method signature="Test2.bike()[pri:0, instance:Annotations.Test2@51e69659]" name="bike" class="Annotations.Test2"/>
        <method signature="Test3.basketball()[pri:0, instance:Annotations.Test3@47e2e487]" name="basketball" class="Annotations.Test3"/>
        <method signature="Test4.Degree()[pri:0, instance:Annotations.Test4@4310d43]" name="Degree" class="Annotations.Test4"/>
        <method signature="Test4.Degree()[pri:0, instance:Annotations.Test4@1c7696c6]" name="Degree" class="Annotations.Test4"/>
      </group> <!-- smoke -->
    </groups>
    <test started-at="2022-07-05T21:39:07 IST" name="Test" finished-at="2022-07-05T21:39:07 IST" duration-ms="93">
      <class name="Annotations.Test4">
        <test-method signature="Degree()[pri:0, instance:Annotations.Test4@4310d43]" started-at="2022-07-05T21:39:07 IST" name="Degree" finished-at="2022-07-05T21:39:07 IST" duration-ms="2" status="PASS">
          <reporter-output>
          </reporter-output>
        </test-method> <!-- Degree -->
      </class> <!-- Annotations.Test4 -->
      <class name="Annotations.Test1">
        <test-method signature="sub()[pri:0, instance:Annotations.Test1@957e06]" started-at="2022-07-05T21:39:07 IST" name="sub" finished-at="2022-07-05T21:39:07 IST" duration-ms="17" status="PASS">
          <reporter-output>
          </reporter-output>
        </test-method> <!-- sub -->
      </class> <!-- Annotations.Test1 -->
      <class name="Annotations.Test2">
        <test-method signature="bike()[pri:0, instance:Annotations.Test2@51e69659]" started-at="2022-07-05T21:39:07 IST" name="bike" finished-at="2022-07-05T21:39:07 IST" duration-ms="2" status="PASS">
          <reporter-output>
          </reporter-output>
        </test-method> <!-- bike -->
      </class> <!-- Annotations.Test2 -->
      <class name="Annotations.Test3">
        <test-method signature="basketball()[pri:0, instance:Annotations.Test3@47e2e487]" started-at="2022-07-05T21:39:07 IST" name="basketball" finished-at="2022-07-05T21:39:07 IST" duration-ms="3" status="PASS">
          <reporter-output>
          </reporter-output>
        </test-method> <!-- basketball -->
      </class> <!-- Annotations.Test3 -->
    </test> <!-- Test -->
    <test started-at="2022-07-05T21:39:07 IST" name="Para" finished-at="2022-07-05T21:39:07 IST" duration-ms="19">
      <class name="Annotations.Test4">
        <test-method signature="Degree()[pri:0, instance:Annotations.Test4@1c7696c6]" started-at="2022-07-05T21:39:07 IST" name="Degree" finished-at="2022-07-05T21:39:07 IST" duration-ms="1" status="PASS">
          <reporter-output>
          </reporter-output>
        </test-method> <!-- Degree -->
        <test-method is-config="true" signature="Puc()[pri:0, instance:Annotations.Test4@1c7696c6]" started-at="2022-07-05T21:39:07 IST" name="Puc" finished-at="2022-07-05T21:39:07 IST" duration-ms="1" status="PASS">
          <reporter-output>
          </reporter-output>
        </test-method> <!-- Puc -->
        <test-method signature="Master()[pri:0, instance:Annotations.Test4@1c7696c6]" started-at="2022-07-05T21:39:07 IST" name="Master" finished-at="2022-07-05T21:39:07 IST" duration-ms="1" status="PASS">
          <reporter-output>
          </reporter-output>
        </test-method> <!-- Master -->
        <test-method is-config="true" signature="Puc()[pri:0, instance:Annotations.Test4@1c7696c6]" started-at="2022-07-05T21:39:07 IST" name="Puc" finished-at="2022-07-05T21:39:07 IST" duration-ms="1" status="PASS">
          <reporter-output>
          </reporter-output>
        </test-method> <!-- Puc -->
        <test-method signature="before(java.lang.String,java.lang.String)[pri:0, instance:Annotations.Test4@1c7696c6]" started-at="2022-07-05T21:39:07 IST" name="before" finished-at="2022-07-05T21:39:07 IST" duration-ms="2" status="PASS">
          <params>
            <param index="0">
              <value>
                <![CDATA[https://courses.letskodeit.com/practice]]>
              </value>
            </param>
            <param index="1">
              <value>
                <![CDATA[niki]]>
              </value>
            </param>
          </params>
          <reporter-output>
          </reporter-output>
        </test-method> <!-- before -->
        <test-method is-config="true" signature="Puc()[pri:0, instance:Annotations.Test4@1c7696c6]" started-at="2022-07-05T21:39:07 IST" name="Puc" finished-at="2022-07-05T21:39:07 IST" duration-ms="1" status="PASS">
          <reporter-output>
          </reporter-output>
        </test-method> <!-- Puc -->
        <test-method is-config="true" signature="after()[pri:0, instance:Annotations.Test4@1c7696c6]" started-at="2022-07-05T21:39:07 IST" name="after" finished-at="2022-07-05T21:39:07 IST" duration-ms="0" status="PASS">
          <reporter-output>
          </reporter-output>
        </test-method> <!-- after -->
      </class> <!-- Annotations.Test4 -->
    </test> <!-- Para -->
  </suite> <!-- Suite -->
</testng-results>
